<?xml version="1.0" encoding="UTF-8"?>
<!-- Generated by org.testng.reporters.JUnitReportReporter -->
<testsuite hostname="DESKTOP-9DUMO9I" failures="0" tests="4" name="MyTest" time="0.180" errors="0" timestamp="2024-10-29T02:34:36 EET" skipped="0">
  <testcase classname="MyTest" name="checkTheEnglishLangugeDefult" time="0.053"/>
  <system-out/>
  <testcase classname="MyTest" name="checkTheDefultCurrancySAR" time="0.049"/>
  <system-out/>
  <testcase classname="MyTest" name="checkContactNumber" time="0.037"/>
  <system-out/>
  <testcase classname="MyTest" name="checkQtafLogoIsInTheFooter" time="0.041"/>
  <system-out/>
</testsuite> <!-- MyTest -->
