<?xml version="1.0" encoding="UTF-8"?>
<!-- Generated by org.testng.reporters.JUnitReportReporter -->
<testsuite hostname="DESKTOP-9DUMO9I" failures="0" tests="8" name="MyTest" time="40.475" errors="0" timestamp="2024-10-29T19:24:47 EET" skipped="7">
  <testcase classname="MyTest" name="randomChangeTheLanguage" time="40.475"/>
  <system-out/>
  <testcase classname="MyTest" name="checkTheDefultCurrancySAR">
    <skipped/>
  </testcase> <!-- checkTheDefultCurrancySAR -->
  <system-out/>
  <testcase classname="MyTest" name="checkQtafLogoIsInTheFooter">
    <skipped/>
  </testcase> <!-- checkQtafLogoIsInTheFooter -->
  <system-out/>
  <testcase classname="MyTest" name="checkDepatuerDate">
    <skipped/>
  </testcase> <!-- checkDepatuerDate -->
  <system-out/>
  <testcase classname="MyTest" name="checkContactNumber">
    <skipped/>
  </testcase> <!-- checkContactNumber -->
  <system-out/>
  <testcase classname="MyTest" name="checkHoteltabIsNotSelected">
    <skipped/>
  </testcase> <!-- checkHoteltabIsNotSelected -->
  <system-out/>
  <testcase classname="MyTest" name="checkTheEnglishLangugeDefult">
    <skipped/>
  </testcase> <!-- checkTheEnglishLangugeDefult -->
  <system-out/>
  <testcase classname="MyTest" name="checkReturnDate">
    <skipped/>
  </testcase> <!-- checkReturnDate -->
  <system-out/>
</testsuite> <!-- MyTest -->
