<?xml version="1.0" encoding="UTF-8"?>
<!-- Generated by org.testng.reporters.JUnitReportReporter -->
<testsuite hostname="DESKTOP-9DUMO9I" failures="0" tests="8" name="MyTest" time="1.178" errors="0" timestamp="2024-10-29T17:24:42 EET" skipped="0">
  <testcase classname="MyTest" name="checkTheEnglishLangugeDefult" time="0.045"/>
  <system-out/>
  <testcase classname="MyTest" name="checkTheDefultCurrancySAR" time="0.034"/>
  <system-out/>
  <testcase classname="MyTest" name="checkContactNumber" time="0.025"/>
  <system-out/>
  <testcase classname="MyTest" name="checkQtafLogoIsInTheFooter" time="0.030"/>
  <system-out/>
  <testcase classname="MyTest" name="checkHoteltabIsNotSelected" time="0.025"/>
  <system-out/>
  <testcase classname="MyTest" name="checkDepatuerDate" time="0.030"/>
  <system-out/>
  <testcase classname="MyTest" name="checkReturnDate" time="0.024"/>
  <system-out/>
  <testcase classname="MyTest" name="randomChangeTheLanguage" time="0.965"/>
  <system-out/>
</testsuite> <!-- MyTest -->
