<?xml version="1.0" encoding="UTF-8"?>
<!-- Generated by org.testng.reporters.JUnitReportReporter -->
<testsuite hostname="DESKTOP-9DUMO9I" failures="0" tests="7" name="MyTest" time="0.703" errors="0" timestamp="2024-10-29T03:25:15 EET" skipped="0">
  <testcase classname="MyTest" name="checkTheEnglishLangugeDefult" time="0.080"/>
  <system-out/>
  <testcase classname="MyTest" name="checkTheDefultCurrancySAR" time="0.112"/>
  <system-out/>
  <testcase classname="MyTest" name="checkContactNumber" time="0.078"/>
  <system-out/>
  <testcase classname="MyTest" name="checkQtafLogoIsInTheFooter" time="0.120"/>
  <system-out/>
  <testcase classname="MyTest" name="checkHoteltabIsNotSelected" time="0.177"/>
  <system-out/>
  <testcase classname="MyTest" name="checkDepatuerDate" time="0.032"/>
  <system-out/>
  <testcase classname="MyTest" name="checkReturnDate" time="0.104"/>
  <system-out/>
</testsuite> <!-- MyTest -->
